# JRE version: Java(TM) SE Runtime Environment (7.0_75-b13) (build 1.7.0_75-b13)
# Java VM: Java HotSpot(TM) 64-Bit Server VM (24.75-b04 mixed mode windows-amd64 compressed oops)
Heap
 PSYoungGen      total 71680K, used 34291K [0x00000007d5c00000, 0x00000007de800000, 0x0000000800000000)
  eden space 66560K, 43% used [0x00000007d5c00000,0x00000007d7882df8,0x00000007d9d00000)
  from space 5120K, 99% used [0x00000007d9d00000,0x00000007da1fa020,0x00000007da200000)
  to   space 5120K, 0% used [0x00000007de300000,0x00000007de300000,0x00000007de800000)
 ParOldGen       total 86528K, used 9675K [0x0000000781400000, 0x0000000786880000, 0x00000007d5c00000)
  object space 86528K, 11% used [0x0000000781400000,0x0000000781d72c98,0x0000000786880000)
 PSPermGen       total 22016K, used 21942K [0x000000077c200000, 0x000000077d780000, 0x0000000781400000)
  object space 22016K, 99% used [0x000000077c200000,0x000000077d76da58,0x000000077d780000)
GC Heap History (6 events):
Event: 2.669 GC heap before
{Heap before GC invocations=1 (full 0):
 PSYoungGen      total 38400K, used 33280K [0x00000007d5c00000, 0x00000007d8680000, 0x0000000800000000)
  eden space 33280K, 100% used [0x00000007d5c00000,0x00000007d7c80000,0x00000007d7c80000)
  from space 5120K, 0% used [0x00000007d8180000,0x00000007d8180000,0x00000007d8680000)
  to   space 5120K, 0% used [0x00000007d7c80000,0x00000007d7c80000,0x00000007d8180000)
 ParOldGen       total 86528K, used 0K [0x0000000781400000, 0x0000000786880000, 0x00000007d5c00000)
  object space 86528K, 0% used [0x0000000781400000,0x0000000781400000,0x0000000786880000)
 PSPermGen       total 21504K, used 10266K [0x000000077c200000, 0x000000077d700000, 0x0000000781400000)
  object space 21504K, 47% used [0x000000077c200000,0x000000077cc068a0,0x000000077d700000)
Event: 2.697 GC heap after
Heap after GC invocations=1 (full 0):
 PSYoungGen      total 38400K, used 5097K [0x00000007d5c00000, 0x00000007da700000, 0x0000000800000000)
  eden space 33280K, 0% used [0x00000007d5c00000,0x00000007d5c00000,0x00000007d7c80000)
  from space 5120K, 99% used [0x00000007d7c80000,0x00000007d817a5b0,0x00000007d8180000)
  to   space 5120K, 0% used [0x00000007da200000,0x00000007da200000,0x00000007da700000)
 ParOldGen       total 86528K, used 2135K [0x0000000781400000, 0x0000000786880000, 0x00000007d5c00000)
  object space 86528K, 2% used [0x0000000781400000,0x0000000781615cd0,0x0000000786880000)
 PSPermGen       total 21504K, used 10266K [0x000000077c200000, 0x000000077d700000, 0x0000000781400000)
  object space 21504K, 47% used [0x000000077c200000,0x000000077cc068a0,0x000000077d700000)
}
Event: 4.762 GC heap before
{Heap before GC invocations=2 (full 0):
 PSYoungGen      total 38400K, used 38377K [0x00000007d5c00000, 0x00000007da700000, 0x0000000800000000)
  eden space 33280K, 100% used [0x00000007d5c00000,0x00000007d7c80000,0x00000007d7c80000)
  from space 5120K, 99% used [0x00000007d7c80000,0x00000007d817a5b0,0x00000007d8180000)
  to   space 5120K, 0% used [0x00000007da200000,0x00000007da200000,0x00000007da700000)
 ParOldGen       total 86528K, used 2135K [0x0000000781400000, 0x0000000786880000, 0x00000007d5c00000)
  object space 86528K, 2% used [0x0000000781400000,0x0000000781615cd0,0x0000000786880000)
 PSPermGen       total 21504K, used 15088K [0x000000077c200000, 0x000000077d700000, 0x0000000781400000)
  object space 21504K, 70% used [0x000000077c200000,0x000000077d0bc2a8,0x000000077d700000)
Event: 4.791 GC heap after
Heap after GC invocations=2 (full 0):
 PSYoungGen      total 71680K, used 5117K [0x00000007d5c00000, 0x00000007da700000, 0x0000000800000000)
  eden space 66560K, 0% used [0x00000007d5c00000,0x00000007d5c00000,0x00000007d9d00000)
  from space 5120K, 99% used [0x00000007da200000,0x00000007da6ff6b0,0x00000007da700000)
  to   space 5120K, 0% used [0x00000007d9d00000,0x00000007d9d00000,0x00000007da200000)
 ParOldGen       total 86528K, used 3900K [0x0000000781400000, 0x0000000786880000, 0x00000007d5c00000)
  object space 86528K, 4% used [0x0000000781400000,0x00000007817cf1f0,0x0000000786880000)
 PSPermGen       total 21504K, used 15088K [0x000000077c200000, 0x000000077d700000, 0x0000000781400000)
  object space 21504K, 70% used [0x000000077c200000,0x000000077d0bc2a8,0x000000077d700000)
}
Event: 7.599 GC heap before
{Heap before GC invocations=3 (full 0):
 PSYoungGen      total 71680K, used 71677K [0x00000007d5c00000, 0x00000007da700000, 0x0000000800000000)
  eden space 66560K, 100% used [0x00000007d5c00000,0x00000007d9d00000,0x00000007d9d00000)
  from space 5120K, 99% used [0x00000007da200000,0x00000007da6ff6b0,0x00000007da700000)
  to   space 5120K, 0% used [0x00000007d9d00000,0x00000007d9d00000,0x00000007da200000)
 ParOldGen       total 86528K, used 3900K [0x0000000781400000, 0x0000000786880000, 0x00000007d5c00000)
  object space 86528K, 4% used [0x0000000781400000,0x00000007817cf1f0,0x0000000786880000)
 PSPermGen       total 21504K, used 20608K [0x000000077c200000, 0x000000077d700000, 0x0000000781400000)
  object space 21504K, 95% used [0x000000077c200000,0x000000077d620290,0x000000077d700000)
Event: 7.634 GC heap after
Heap after GC invocations=3 (full 0):
 PSYoungGen      total 71680K, used 5096K [0x00000007d5c00000, 0x00000007de800000, 0x0000000800000000)
  eden space 66560K, 0% used [0x00000007d5c00000,0x00000007d5c00000,0x00000007d9d00000)
  from space 5120K, 99% used [0x00000007d9d00000,0x00000007da1fa020,0x00000007da200000)
  to   space 5120K, 0% used [0x00000007de300000,0x00000007de300000,0x00000007de800000)
 ParOldGen       total 86528K, used 9675K [0x0000000781400000, 0x0000000786880000, 0x00000007d5c00000)
  object space 86528K, 11% used [0x0000000781400000,0x0000000781d72c98,0x0000000786880000)
 PSPermGen       total 21504K, used 20608K [0x000000077c200000, 0x000000077d700000, 0x0000000781400000)
  object space 21504K, 95% used [0x000000077c200000,0x000000077d620290,0x000000077d700000)
}

